mode: set
github.com/NVIDIA/k8s-device-plugin/api/config/v1/duration.go:29.49,31.2 1 1
github.com/NVIDIA/k8s-device-plugin/api/config/v1/duration.go:34.50,36.46 2 1
github.com/NVIDIA/k8s-device-plugin/api/config/v1/duration.go:39.2,39.27 1 1
github.com/NVIDIA/k8s-device-plugin/api/config/v1/duration.go:36.46,38.3 1 0
github.com/NVIDIA/k8s-device-plugin/api/config/v1/duration.go:40.15,42.13 2 1
github.com/NVIDIA/k8s-device-plugin/api/config/v1/duration.go:43.14,45.17 2 1
github.com/NVIDIA/k8s-device-plugin/api/config/v1/duration.go:48.3,49.13 2 1
github.com/NVIDIA/k8s-device-plugin/api/config/v1/duration.go:50.10,51.40 1 0
github.com/NVIDIA/k8s-device-plugin/api/config/v1/duration.go:45.17,47.4 1 0
github.com/NVIDIA/k8s-device-plugin/api/config/v1/flags.go:24.25,26.2 1 1
github.com/NVIDIA/k8s-device-plugin/api/config/v1/flags.go:29.75,30.46 1 0
github.com/NVIDIA/k8s-device-plugin/api/config/v1/flags.go:30.46,31.36 1 0
github.com/NVIDIA/k8s-device-plugin/api/config/v1/flags.go:32.17,33.35 1 0
github.com/NVIDIA/k8s-device-plugin/api/config/v1/flags.go:34.15,35.33 1 0
github.com/NVIDIA/k8s-device-plugin/api/config/v1/flags.go:36.19,37.47 1 0
github.com/NVIDIA/k8s-device-plugin/api/config/v1/flags.go:75.70,76.29 1 0
github.com/NVIDIA/k8s-device-plugin/api/config/v1/flags.go:76.29,77.34 1 0
github.com/NVIDIA/k8s-device-plugin/api/config/v1/flags.go:77.34,79.13 1 0
github.com/NVIDIA/k8s-device-plugin/api/config/v1/flags.go:92.4,92.23 1 0
github.com/NVIDIA/k8s-device-plugin/api/config/v1/flags.go:95.4,95.13 1 0
github.com/NVIDIA/k8s-device-plugin/api/config/v1/flags.go:104.4,104.20 1 0
github.com/NVIDIA/k8s-device-plugin/api/config/v1/flags.go:107.4,107.13 1 0
github.com/NVIDIA/k8s-device-plugin/api/config/v1/flags.go:80.24,81.44 1 0
github.com/NVIDIA/k8s-device-plugin/api/config/v1/flags.go:82.30,83.48 1 0
github.com/NVIDIA/k8s-device-plugin/api/config/v1/flags.go:84.30,85.49 1 0
github.com/NVIDIA/k8s-device-plugin/api/config/v1/flags.go:86.23,87.43 1 0
github.com/NVIDIA/k8s-device-plugin/api/config/v1/flags.go:88.25,89.45 1 0
github.com/NVIDIA/k8s-device-plugin/api/config/v1/flags.go:92.23,94.5 1 0
github.com/NVIDIA/k8s-device-plugin/api/config/v1/flags.go:96.29,97.55 1 0
github.com/NVIDIA/k8s-device-plugin/api/config/v1/flags.go:98.32,99.58 1 0
github.com/NVIDIA/k8s-device-plugin/api/config/v1/flags.go:100.30,101.56 1 0
github.com/NVIDIA/k8s-device-plugin/api/config/v1/flags.go:104.20,106.5 1 0
github.com/NVIDIA/k8s-device-plugin/api/config/v1/flags.go:108.19,109.44 1 0
github.com/NVIDIA/k8s-device-plugin/api/config/v1/flags.go:110.23,111.47 1 0
github.com/NVIDIA/k8s-device-plugin/api/config/v1/flags.go:112.26,113.50 1 0
github.com/NVIDIA/k8s-device-plugin/api/config/v1/flags.go:114.24,115.48 1 0
github.com/NVIDIA/k8s-device-plugin/api/config/v1/flags.go:116.29,117.52 1 0
github.com/NVIDIA/k8s-device-plugin/api/config/v1/replicas.go:55.48,56.63 1 1
github.com/NVIDIA/k8s-device-plugin/api/config/v1/replicas.go:59.2,59.13 1 1
github.com/NVIDIA/k8s-device-plugin/api/config/v1/replicas.go:56.63,58.3 1 1
github.com/NVIDIA/k8s-device-plugin/api/config/v1/replicas.go:63.48,65.21 2 1
github.com/NVIDIA/k8s-device-plugin/api/config/v1/replicas.go:68.2,68.26 1 1
github.com/NVIDIA/k8s-device-plugin/api/config/v1/replicas.go:73.2,73.13 1 1
github.com/NVIDIA/k8s-device-plugin/api/config/v1/replicas.go:65.21,67.3 1 1
github.com/NVIDIA/k8s-device-plugin/api/config/v1/replicas.go:68.26,69.56 1 1
github.com/NVIDIA/k8s-device-plugin/api/config/v1/replicas.go:69.56,71.4 1 0
github.com/NVIDIA/k8s-device-plugin/api/config/v1/replicas.go:77.44,79.2 1 1
github.com/NVIDIA/k8s-device-plugin/api/config/v1/replicas.go:83.47,84.43 1 1
github.com/NVIDIA/k8s-device-plugin/api/config/v1/replicas.go:87.2,88.19 2 1
github.com/NVIDIA/k8s-device-plugin/api/config/v1/replicas.go:84.43,86.3 1 1
github.com/NVIDIA/k8s-device-plugin/api/config/v1/replicas.go:95.47,96.43 1 1
github.com/NVIDIA/k8s-device-plugin/api/config/v1/replicas.go:99.2,101.16 3 1
github.com/NVIDIA/k8s-device-plugin/api/config/v1/replicas.go:104.2,105.21 2 1
github.com/NVIDIA/k8s-device-plugin/api/config/v1/replicas.go:108.2,108.48 1 1
github.com/NVIDIA/k8s-device-plugin/api/config/v1/replicas.go:111.2,111.30 1 1
github.com/NVIDIA/k8s-device-plugin/api/config/v1/replicas.go:117.2,117.13 1 1
github.com/NVIDIA/k8s-device-plugin/api/config/v1/replicas.go:96.43,98.3 1 1
github.com/NVIDIA/k8s-device-plugin/api/config/v1/replicas.go:101.16,103.3 1 1
github.com/NVIDIA/k8s-device-plugin/api/config/v1/replicas.go:105.21,107.3 1 1
github.com/NVIDIA/k8s-device-plugin/api/config/v1/replicas.go:108.48,110.3 1 0
github.com/NVIDIA/k8s-device-plugin/api/config/v1/replicas.go:111.30,113.17 2 1
github.com/NVIDIA/k8s-device-plugin/api/config/v1/replicas.go:113.17,115.4 1 0
github.com/NVIDIA/k8s-device-plugin/api/config/v1/replicas.go:121.53,124.16 3 1
github.com/NVIDIA/k8s-device-plugin/api/config/v1/replicas.go:128.2,129.13 2 1
github.com/NVIDIA/k8s-device-plugin/api/config/v1/replicas.go:133.2,134.16 2 1
github.com/NVIDIA/k8s-device-plugin/api/config/v1/replicas.go:138.2,139.13 2 1
github.com/NVIDIA/k8s-device-plugin/api/config/v1/replicas.go:143.2,144.16 2 1
github.com/NVIDIA/k8s-device-plugin/api/config/v1/replicas.go:148.2,149.13 2 1
github.com/NVIDIA/k8s-device-plugin/api/config/v1/replicas.go:153.2,154.16 2 1
github.com/NVIDIA/k8s-device-plugin/api/config/v1/replicas.go:158.2,158.27 1 1
github.com/NVIDIA/k8s-device-plugin/api/config/v1/replicas.go:162.2,162.32 1 1
github.com/NVIDIA/k8s-device-plugin/api/config/v1/replicas.go:168.2,168.12 1 1
github.com/NVIDIA/k8s-device-plugin/api/config/v1/replicas.go:124.16,126.3 1 1
github.com/NVIDIA/k8s-device-plugin/api/config/v1/replicas.go:129.13,131.3 1 1
github.com/NVIDIA/k8s-device-plugin/api/config/v1/replicas.go:134.16,136.3 1 0
github.com/NVIDIA/k8s-device-plugin/api/config/v1/replicas.go:139.13,141.3 1 1
github.com/NVIDIA/k8s-device-plugin/api/config/v1/replicas.go:144.16,146.3 1 0
github.com/NVIDIA/k8s-device-plugin/api/config/v1/replicas.go:149.13,151.3 1 1
github.com/NVIDIA/k8s-device-plugin/api/config/v1/replicas.go:154.16,156.3 1 1
github.com/NVIDIA/k8s-device-plugin/api/config/v1/replicas.go:158.27,160.3 1 1
github.com/NVIDIA/k8s-device-plugin/api/config/v1/replicas.go:162.32,163.42 1 1
github.com/NVIDIA/k8s-device-plugin/api/config/v1/replicas.go:163.42,165.4 1 0
github.com/NVIDIA/k8s-device-plugin/api/config/v1/replicas.go:172.60,175.16 3 1
github.com/NVIDIA/k8s-device-plugin/api/config/v1/replicas.go:179.2,180.13 2 1
github.com/NVIDIA/k8s-device-plugin/api/config/v1/replicas.go:184.2,185.16 2 1
github.com/NVIDIA/k8s-device-plugin/api/config/v1/replicas.go:189.2,190.13 2 1
github.com/NVIDIA/k8s-device-plugin/api/config/v1/replicas.go:194.2,195.16 2 1
github.com/NVIDIA/k8s-device-plugin/api/config/v1/replicas.go:199.2,200.13 2 1
github.com/NVIDIA/k8s-device-plugin/api/config/v1/replicas.go:204.2,205.16 2 1
github.com/NVIDIA/k8s-device-plugin/api/config/v1/replicas.go:209.2,210.13 2 1
github.com/NVIDIA/k8s-device-plugin/api/config/v1/replicas.go:214.2,215.16 2 1
github.com/NVIDIA/k8s-device-plugin/api/config/v1/replicas.go:219.2,219.12 1 1
github.com/NVIDIA/k8s-device-plugin/api/config/v1/replicas.go:175.16,177.3 1 1
github.com/NVIDIA/k8s-device-plugin/api/config/v1/replicas.go:180.13,182.3 1 1
github.com/NVIDIA/k8s-device-plugin/api/config/v1/replicas.go:185.16,187.3 1 1
github.com/NVIDIA/k8s-device-plugin/api/config/v1/replicas.go:190.13,192.3 1 1
github.com/NVIDIA/k8s-device-plugin/api/config/v1/replicas.go:195.16,197.3 1 0
github.com/NVIDIA/k8s-device-plugin/api/config/v1/replicas.go:200.13,202.3 1 0
github.com/NVIDIA/k8s-device-plugin/api/config/v1/replicas.go:205.16,207.3 1 0
github.com/NVIDIA/k8s-device-plugin/api/config/v1/replicas.go:210.13,212.3 1 1
github.com/NVIDIA/k8s-device-plugin/api/config/v1/replicas.go:215.16,217.3 1 1
github.com/NVIDIA/k8s-device-plugin/api/config/v1/replicas.go:223.59,227.16 3 1
github.com/NVIDIA/k8s-device-plugin/api/config/v1/replicas.go:236.2,238.16 3 1
github.com/NVIDIA/k8s-device-plugin/api/config/v1/replicas.go:247.2,249.16 3 1
github.com/NVIDIA/k8s-device-plugin/api/config/v1/replicas.go:276.2,276.72 1 1
github.com/NVIDIA/k8s-device-plugin/api/config/v1/replicas.go:227.16,228.19 1 1
github.com/NVIDIA/k8s-device-plugin/api/config/v1/replicas.go:231.3,232.13 2 1
github.com/NVIDIA/k8s-device-plugin/api/config/v1/replicas.go:228.19,230.4 1 1
github.com/NVIDIA/k8s-device-plugin/api/config/v1/replicas.go:238.16,239.17 1 1
github.com/NVIDIA/k8s-device-plugin/api/config/v1/replicas.go:242.3,243.13 2 1
github.com/NVIDIA/k8s-device-plugin/api/config/v1/replicas.go:239.17,241.4 1 1
github.com/NVIDIA/k8s-device-plugin/api/config/v1/replicas.go:249.16,252.27 2 1
github.com/NVIDIA/k8s-device-plugin/api/config/v1/replicas.go:271.3,272.13 2 1
github.com/NVIDIA/k8s-device-plugin/api/config/v1/replicas.go:252.27,255.51 2 1
github.com/NVIDIA/k8s-device-plugin/api/config/v1/replicas.go:260.4,261.50 2 1
github.com/NVIDIA/k8s-device-plugin/api/config/v1/replicas.go:269.4,269.88 1 1
github.com/NVIDIA/k8s-device-plugin/api/config/v1/replicas.go:255.51,257.13 2 1
github.com/NVIDIA/k8s-device-plugin/api/config/v1/replicas.go:261.50,263.58 2 1
github.com/NVIDIA/k8s-device-plugin/api/config/v1/replicas.go:263.58,265.14 2 1
github.com/NVIDIA/k8s-device-plugin/api/config/v1/replicas.go:280.59,281.19 1 1
github.com/NVIDIA/k8s-device-plugin/api/config/v1/replicas.go:284.2,284.17 1 1
github.com/NVIDIA/k8s-device-plugin/api/config/v1/replicas.go:287.2,287.19 1 1
github.com/NVIDIA/k8s-device-plugin/api/config/v1/replicas.go:290.2,290.74 1 1
github.com/NVIDIA/k8s-device-plugin/api/config/v1/replicas.go:281.19,283.3 1 1
github.com/NVIDIA/k8s-device-plugin/api/config/v1/replicas.go:284.17,286.3 1 1
github.com/NVIDIA/k8s-device-plugin/api/config/v1/replicas.go:287.19,289.3 1 1
github.com/NVIDIA/k8s-device-plugin/api/config/v1/resources.go:48.54,49.51 1 1
github.com/NVIDIA/k8s-device-plugin/api/config/v1/resources.go:53.2,53.36 1 1
github.com/NVIDIA/k8s-device-plugin/api/config/v1/resources.go:57.2,59.23 3 1
github.com/NVIDIA/k8s-device-plugin/api/config/v1/resources.go:63.2,63.29 1 1
github.com/NVIDIA/k8s-device-plugin/api/config/v1/resources.go:49.51,51.3 1 1
github.com/NVIDIA/k8s-device-plugin/api/config/v1/resources.go:53.36,55.3 1 0
github.com/NVIDIA/k8s-device-plugin/api/config/v1/resources.go:59.23,61.3 1 1
github.com/NVIDIA/k8s-device-plugin/api/config/v1/resources.go:67.59,69.16 2 0
github.com/NVIDIA/k8s-device-plugin/api/config/v1/resources.go:72.2,76.15 2 0
github.com/NVIDIA/k8s-device-plugin/api/config/v1/resources.go:69.16,71.3 1 0
github.com/NVIDIA/k8s-device-plugin/api/config/v1/resources.go:80.48,82.21 2 1
github.com/NVIDIA/k8s-device-plugin/api/config/v1/resources.go:85.2,85.27 1 1
github.com/NVIDIA/k8s-device-plugin/api/config/v1/resources.go:82.21,84.3 1 0
github.com/NVIDIA/k8s-device-plugin/api/config/v1/resources.go:89.58,91.2 1 0
github.com/NVIDIA/k8s-device-plugin/api/config/v1/resources.go:94.50,97.16 3 0
github.com/NVIDIA/k8s-device-plugin/api/config/v1/resources.go:102.2,104.20 3 0
github.com/NVIDIA/k8s-device-plugin/api/config/v1/resources.go:107.2,107.17 1 0
github.com/NVIDIA/k8s-device-plugin/api/config/v1/resources.go:112.2,113.16 2 0
github.com/NVIDIA/k8s-device-plugin/api/config/v1/resources.go:118.2,119.16 2 0
github.com/NVIDIA/k8s-device-plugin/api/config/v1/resources.go:123.2,123.12 1 0
github.com/NVIDIA/k8s-device-plugin/api/config/v1/resources.go:97.16,99.3 1 0
github.com/NVIDIA/k8s-device-plugin/api/config/v1/resources.go:104.20,106.3 1 0
github.com/NVIDIA/k8s-device-plugin/api/config/v1/resources.go:107.17,109.3 1 0
github.com/NVIDIA/k8s-device-plugin/api/config/v1/resources.go:113.16,115.3 1 0
github.com/NVIDIA/k8s-device-plugin/api/config/v1/resources.go:119.16,121.3 1 0
github.com/NVIDIA/k8s-device-plugin/api/config/v1/resources.go:127.54,130.16 3 1
github.com/NVIDIA/k8s-device-plugin/api/config/v1/resources.go:134.2,135.16 2 1
github.com/NVIDIA/k8s-device-plugin/api/config/v1/resources.go:139.2,139.12 1 1
github.com/NVIDIA/k8s-device-plugin/api/config/v1/resources.go:130.16,132.3 1 0
github.com/NVIDIA/k8s-device-plugin/api/config/v1/resources.go:135.16,137.3 1 1
github.com/NVIDIA/k8s-device-plugin/api/config/v1/resources.go:143.64,145.16 2 0
github.com/NVIDIA/k8s-device-plugin/api/config/v1/resources.go:148.2,149.12 2 0
github.com/NVIDIA/k8s-device-plugin/api/config/v1/resources.go:145.16,147.3 1 0
github.com/NVIDIA/k8s-device-plugin/api/config/v1/resources.go:153.64,155.16 2 0
github.com/NVIDIA/k8s-device-plugin/api/config/v1/resources.go:158.2,159.12 2 0
github.com/NVIDIA/k8s-device-plugin/api/config/v1/resources.go:155.16,157.3 1 0
github.com/NVIDIA/k8s-device-plugin/api/config/v1/resources.go:163.49,166.2 2 0
github.com/NVIDIA/k8s-device-plugin/api/config/v1/resources.go:169.46,171.54 2 0
github.com/NVIDIA/k8s-device-plugin/api/config/v1/resources.go:179.2,179.24 1 0
github.com/NVIDIA/k8s-device-plugin/api/config/v1/resources.go:171.54,173.12 1 0
github.com/NVIDIA/k8s-device-plugin/api/config/v1/resources.go:177.3,177.48 1 0
github.com/NVIDIA/k8s-device-plugin/api/config/v1/resources.go:173.12,175.4 1 0
github.com/NVIDIA/k8s-device-plugin/api/config/v1/config.go:43.67,46.61 2 0
github.com/NVIDIA/k8s-device-plugin/api/config/v1/config.go:54.2,56.20 2 0
github.com/NVIDIA/k8s-device-plugin/api/config/v1/config.go:46.61,49.17 3 0
github.com/NVIDIA/k8s-device-plugin/api/config/v1/config.go:49.17,51.4 1 0
github.com/NVIDIA/k8s-device-plugin/api/config/v1/config.go:60.54,62.16 2 0
github.com/NVIDIA/k8s-device-plugin/api/config/v1/config.go:65.2,68.16 3 0
github.com/NVIDIA/k8s-device-plugin/api/config/v1/config.go:72.2,72.20 1 0
github.com/NVIDIA/k8s-device-plugin/api/config/v1/config.go:62.16,64.3 1 0
github.com/NVIDIA/k8s-device-plugin/api/config/v1/config.go:68.16,70.3 1 0
github.com/NVIDIA/k8s-device-plugin/api/config/v1/config.go:75.57,80.16 4 0
github.com/NVIDIA/k8s-device-plugin/api/config/v1/config.go:84.2,86.16 3 0
github.com/NVIDIA/k8s-device-plugin/api/config/v1/config.go:90.2,90.26 1 0
github.com/NVIDIA/k8s-device-plugin/api/config/v1/config.go:94.2,94.31 1 0
github.com/NVIDIA/k8s-device-plugin/api/config/v1/config.go:98.2,98.21 1 0
github.com/NVIDIA/k8s-device-plugin/api/config/v1/config.go:80.16,82.3 1 0
github.com/NVIDIA/k8s-device-plugin/api/config/v1/config.go:86.16,88.3 1 0
github.com/NVIDIA/k8s-device-plugin/api/config/v1/config.go:90.26,92.3 1 0
github.com/NVIDIA/k8s-device-plugin/api/config/v1/config.go:94.31,96.3 1 0
github.com/NVIDIA/k8s-device-plugin/internal/rm/nvml_devices.go:47.64,49.2 1 0
github.com/NVIDIA/k8s-device-plugin/internal/rm/nvml_devices.go:51.74,53.2 1 0
github.com/NVIDIA/k8s-device-plugin/internal/rm/nvml_devices.go:56.47,58.25 2 0
github.com/NVIDIA/k8s-device-plugin/internal/rm/nvml_devices.go:61.2,61.18 1 0
github.com/NVIDIA/k8s-device-plugin/internal/rm/nvml_devices.go:58.25,60.3 1 0
github.com/NVIDIA/k8s-device-plugin/internal/rm/nvml_devices.go:65.50,67.2 1 0
github.com/NVIDIA/k8s-device-plugin/internal/rm/nvml_devices.go:70.50,72.25 2 0
github.com/NVIDIA/k8s-device-plugin/internal/rm/nvml_devices.go:75.2,77.28 2 0
github.com/NVIDIA/k8s-device-plugin/internal/rm/nvml_devices.go:72.25,74.3 1 0
github.com/NVIDIA/k8s-device-plugin/internal/rm/nvml_devices.go:81.53,83.16 2 0
github.com/NVIDIA/k8s-device-plugin/internal/rm/nvml_devices.go:87.2,88.25 2 0
github.com/NVIDIA/k8s-device-plugin/internal/rm/nvml_devices.go:92.2,93.25 2 0
github.com/NVIDIA/k8s-device-plugin/internal/rm/nvml_devices.go:97.2,98.25 2 0
github.com/NVIDIA/k8s-device-plugin/internal/rm/nvml_devices.go:101.2,102.25 2 0
github.com/NVIDIA/k8s-device-plugin/internal/rm/nvml_devices.go:105.2,108.53 3 0
github.com/NVIDIA/k8s-device-plugin/internal/rm/nvml_devices.go:112.2,113.53 2 0
github.com/NVIDIA/k8s-device-plugin/internal/rm/nvml_devices.go:117.2,123.25 2 0
github.com/NVIDIA/k8s-device-plugin/internal/rm/nvml_devices.go:83.16,85.3 1 0
github.com/NVIDIA/k8s-device-plugin/internal/rm/nvml_devices.go:88.25,90.3 1 0
github.com/NVIDIA/k8s-device-plugin/internal/rm/nvml_devices.go:93.25,95.3 1 0
github.com/NVIDIA/k8s-device-plugin/internal/rm/nvml_devices.go:98.25,100.3 1 0
github.com/NVIDIA/k8s-device-plugin/internal/rm/nvml_devices.go:102.25,104.3 1 0
github.com/NVIDIA/k8s-device-plugin/internal/rm/nvml_devices.go:108.53,110.3 1 0
github.com/NVIDIA/k8s-device-plugin/internal/rm/nvml_devices.go:113.53,115.3 1 0
github.com/NVIDIA/k8s-device-plugin/internal/rm/nvml_devices.go:127.54,129.25 2 0
github.com/NVIDIA/k8s-device-plugin/internal/rm/nvml_devices.go:134.2,137.16 3 0
github.com/NVIDIA/k8s-device-plugin/internal/rm/nvml_devices.go:141.2,142.16 2 0
github.com/NVIDIA/k8s-device-plugin/internal/rm/nvml_devices.go:146.2,146.14 1 0
github.com/NVIDIA/k8s-device-plugin/internal/rm/nvml_devices.go:150.2,150.24 1 0
github.com/NVIDIA/k8s-device-plugin/internal/rm/nvml_devices.go:129.25,131.3 1 0
github.com/NVIDIA/k8s-device-plugin/internal/rm/nvml_devices.go:137.16,139.3 1 0
github.com/NVIDIA/k8s-device-plugin/internal/rm/nvml_devices.go:142.16,144.3 1 0
github.com/NVIDIA/k8s-device-plugin/internal/rm/nvml_devices.go:146.14,148.3 1 0
github.com/NVIDIA/k8s-device-plugin/internal/rm/nvml_devices.go:154.57,156.25 2 0
github.com/NVIDIA/k8s-device-plugin/internal/rm/nvml_devices.go:160.2,160.41 1 0
github.com/NVIDIA/k8s-device-plugin/internal/rm/nvml_devices.go:156.25,158.3 1 0
github.com/NVIDIA/k8s-device-plugin/internal/rm/rm.go:47.98,49.66 1 0
github.com/NVIDIA/k8s-device-plugin/internal/rm/rm.go:58.2,63.26 4 0
github.com/NVIDIA/k8s-device-plugin/internal/rm/rm.go:76.2,76.24 1 0
github.com/NVIDIA/k8s-device-plugin/internal/rm/rm.go:81.2,83.13 2 0
github.com/NVIDIA/k8s-device-plugin/internal/rm/rm.go:91.2,91.13 1 0
github.com/NVIDIA/k8s-device-plugin/internal/rm/rm.go:99.2,99.30 1 0
github.com/NVIDIA/k8s-device-plugin/internal/rm/rm.go:49.66,51.10 2 0
github.com/NVIDIA/k8s-device-plugin/internal/rm/rm.go:54.3,55.12 2 0
github.com/NVIDIA/k8s-device-plugin/internal/rm/rm.go:51.10,53.4 1 0
github.com/NVIDIA/k8s-device-plugin/internal/rm/rm.go:63.26,69.36 6 0
github.com/NVIDIA/k8s-device-plugin/internal/rm/rm.go:72.3,72.18 1 0
github.com/NVIDIA/k8s-device-plugin/internal/rm/rm.go:69.36,71.4 1 0
github.com/NVIDIA/k8s-device-plugin/internal/rm/rm.go:76.24,79.3 2 0
github.com/NVIDIA/k8s-device-plugin/internal/rm/rm.go:83.13,85.17 2 0
github.com/NVIDIA/k8s-device-plugin/internal/rm/rm.go:88.3,88.63 1 0
github.com/NVIDIA/k8s-device-plugin/internal/rm/rm.go:85.17,87.4 1 0
github.com/NVIDIA/k8s-device-plugin/internal/rm/rm.go:91.13,93.17 2 0
github.com/NVIDIA/k8s-device-plugin/internal/rm/rm.go:96.3,96.64 1 0
github.com/NVIDIA/k8s-device-plugin/internal/rm/rm.go:93.17,95.4 1 0
github.com/NVIDIA/k8s-device-plugin/internal/rm/rm.go:103.56,105.2 1 0
github.com/NVIDIA/k8s-device-plugin/internal/rm/rm.go:108.45,110.2 1 0
github.com/NVIDIA/k8s-device-plugin/internal/rm/rm.go:113.61,115.35 2 0
github.com/NVIDIA/k8s-device-plugin/internal/rm/rm.go:153.2,153.12 1 0
github.com/NVIDIA/k8s-device-plugin/internal/rm/rm.go:116.30,117.53 1 0
github.com/NVIDIA/k8s-device-plugin/internal/rm/rm.go:118.29,120.15 2 0
github.com/NVIDIA/k8s-device-plugin/internal/rm/rm.go:126.3,128.26 3 0
github.com/NVIDIA/k8s-device-plugin/internal/rm/rm.go:134.3,134.16 1 0
github.com/NVIDIA/k8s-device-plugin/internal/rm/rm.go:141.3,144.69 2 0
github.com/NVIDIA/k8s-device-plugin/internal/rm/rm.go:120.15,124.4 3 0
github.com/NVIDIA/k8s-device-plugin/internal/rm/rm.go:128.26,129.37 1 0
github.com/NVIDIA/k8s-device-plugin/internal/rm/rm.go:132.4,132.14 1 0
github.com/NVIDIA/k8s-device-plugin/internal/rm/rm.go:129.37,131.5 1 0
github.com/NVIDIA/k8s-device-plugin/internal/rm/rm.go:134.16,136.27 2 0
github.com/NVIDIA/k8s-device-plugin/internal/rm/rm.go:136.27,138.5 1 0
github.com/NVIDIA/k8s-device-plugin/internal/rm/rm.go:144.69,146.24 2 0
github.com/NVIDIA/k8s-device-plugin/internal/rm/rm.go:149.4,150.68 2 0
github.com/NVIDIA/k8s-device-plugin/internal/rm/rm.go:146.24,148.5 1 0
github.com/NVIDIA/k8s-device-plugin/internal/rm/tegra_manager.go:32.79,34.16 2 0
github.com/NVIDIA/k8s-device-plugin/internal/rm/tegra_manager.go:38.2,39.16 2 0
github.com/NVIDIA/k8s-device-plugin/internal/rm/tegra_manager.go:43.2,44.47 2 0
github.com/NVIDIA/k8s-device-plugin/internal/rm/tegra_manager.go:60.2,60.17 1 0
github.com/NVIDIA/k8s-device-plugin/internal/rm/tegra_manager.go:34.16,36.3 1 0
github.com/NVIDIA/k8s-device-plugin/internal/rm/tegra_manager.go:39.16,41.3 1 0
github.com/NVIDIA/k8s-device-plugin/internal/rm/tegra_manager.go:44.47,45.24 1 0
github.com/NVIDIA/k8s-device-plugin/internal/rm/tegra_manager.go:48.3,55.24 2 0
github.com/NVIDIA/k8s-device-plugin/internal/rm/tegra_manager.go:45.24,46.12 1 0
github.com/NVIDIA/k8s-device-plugin/internal/rm/tegra_manager.go:55.24,57.4 1 0
github.com/NVIDIA/k8s-device-plugin/internal/rm/tegra_manager.go:64.113,66.2 1 0
github.com/NVIDIA/k8s-device-plugin/internal/rm/tegra_manager.go:69.70,71.2 1 0
github.com/NVIDIA/k8s-device-plugin/internal/rm/tegra_manager.go:74.101,76.2 1 0
github.com/NVIDIA/k8s-device-plugin/internal/rm/allocate.go:30.108,33.87 1 0
github.com/NVIDIA/k8s-device-plugin/internal/rm/allocate.go:38.2,38.54 1 0
github.com/NVIDIA/k8s-device-plugin/internal/rm/allocate.go:33.87,35.3 1 0
github.com/NVIDIA/k8s-device-plugin/internal/rm/allocate.go:43.98,47.16 3 0
github.com/NVIDIA/k8s-device-plugin/internal/rm/allocate.go:51.2,52.16 2 0
github.com/NVIDIA/k8s-device-plugin/internal/rm/allocate.go:56.2,58.42 2 0
github.com/NVIDIA/k8s-device-plugin/internal/rm/allocate.go:62.2,62.21 1 0
github.com/NVIDIA/k8s-device-plugin/internal/rm/allocate.go:47.16,49.3 1 0
github.com/NVIDIA/k8s-device-plugin/internal/rm/allocate.go:52.16,54.3 1 0
github.com/NVIDIA/k8s-device-plugin/internal/rm/allocate.go:58.42,60.3 1 0
github.com/NVIDIA/k8s-device-plugin/internal/rm/allocate.go:68.102,73.30 3 0
github.com/NVIDIA/k8s-device-plugin/internal/rm/allocate.go:79.2,80.31 2 0
github.com/NVIDIA/k8s-device-plugin/internal/rm/allocate.go:87.2,87.27 1 0
github.com/NVIDIA/k8s-device-plugin/internal/rm/allocate.go:102.2,103.30 2 0
github.com/NVIDIA/k8s-device-plugin/internal/rm/allocate.go:118.2,120.21 2 0
github.com/NVIDIA/k8s-device-plugin/internal/rm/allocate.go:73.30,75.3 1 0
github.com/NVIDIA/k8s-device-plugin/internal/rm/allocate.go:80.31,82.41 2 0
github.com/NVIDIA/k8s-device-plugin/internal/rm/allocate.go:85.3,85.27 1 0
github.com/NVIDIA/k8s-device-plugin/internal/rm/allocate.go:82.41,84.4 1 0
github.com/NVIDIA/k8s-device-plugin/internal/rm/allocate.go:87.27,89.41 2 0
github.com/NVIDIA/k8s-device-plugin/internal/rm/allocate.go:92.3,92.23 1 0
github.com/NVIDIA/k8s-device-plugin/internal/rm/allocate.go:89.41,90.12 1 0
github.com/NVIDIA/k8s-device-plugin/internal/rm/allocate.go:103.30,104.46 1 0
github.com/NVIDIA/k8s-device-plugin/internal/rm/allocate.go:111.3,114.30 4 0
github.com/NVIDIA/k8s-device-plugin/internal/rm/allocate.go:104.46,110.4 5 0
github.com/NVIDIA/k8s-device-plugin/internal/rm/helper.go:23.36,25.22 2 0
github.com/NVIDIA/k8s-device-plugin/internal/rm/helper.go:31.2,31.18 1 0
github.com/NVIDIA/k8s-device-plugin/internal/rm/helper.go:25.22,26.13 1 0
github.com/NVIDIA/k8s-device-plugin/internal/rm/helper.go:29.3,29.25 1 0
github.com/NVIDIA/k8s-device-plugin/internal/rm/helper.go:26.13,27.9 1 0
github.com/NVIDIA/k8s-device-plugin/internal/rm/helper.go:35.30,38.2 2 0
github.com/NVIDIA/k8s-device-plugin/internal/rm/health.go:42.117,44.34 2 0
github.com/NVIDIA/k8s-device-plugin/internal/rm/health.go:47.2,47.51 1 0
github.com/NVIDIA/k8s-device-plugin/internal/rm/health.go:51.2,52.25 2 0
github.com/NVIDIA/k8s-device-plugin/internal/rm/health.go:58.2,58.15 1 0
github.com/NVIDIA/k8s-device-plugin/internal/rm/health.go:68.2,77.42 3 0
github.com/NVIDIA/k8s-device-plugin/internal/rm/health.go:81.2,81.71 1 0
github.com/NVIDIA/k8s-device-plugin/internal/rm/health.go:85.2,86.25 2 0
github.com/NVIDIA/k8s-device-plugin/internal/rm/health.go:89.2,96.28 6 0
github.com/NVIDIA/k8s-device-plugin/internal/rm/health.go:131.2,131.6 1 0
github.com/NVIDIA/k8s-device-plugin/internal/rm/health.go:44.34,46.3 1 0
github.com/NVIDIA/k8s-device-plugin/internal/rm/health.go:47.51,49.3 1 0
github.com/NVIDIA/k8s-device-plugin/internal/rm/health.go:52.25,53.38 1 0
github.com/NVIDIA/k8s-device-plugin/internal/rm/health.go:56.3,56.13 1 0
github.com/NVIDIA/k8s-device-plugin/internal/rm/health.go:53.38,55.4 1 0
github.com/NVIDIA/k8s-device-plugin/internal/rm/health.go:58.15,60.26 2 0
github.com/NVIDIA/k8s-device-plugin/internal/rm/health.go:60.26,62.4 1 0
github.com/NVIDIA/k8s-device-plugin/internal/rm/health.go:77.42,79.3 1 0
github.com/NVIDIA/k8s-device-plugin/internal/rm/health.go:81.71,83.3 1 0
github.com/NVIDIA/k8s-device-plugin/internal/rm/health.go:86.25,88.3 1 0
github.com/NVIDIA/k8s-device-plugin/internal/rm/health.go:96.28,98.17 2 0
github.com/NVIDIA/k8s-device-plugin/internal/rm/health.go:103.3,108.26 5 0
github.com/NVIDIA/k8s-device-plugin/internal/rm/health.go:114.3,115.26 2 0
github.com/NVIDIA/k8s-device-plugin/internal/rm/health.go:121.3,122.38 2 0
github.com/NVIDIA/k8s-device-plugin/internal/rm/health.go:125.3,125.26 1 0
github.com/NVIDIA/k8s-device-plugin/internal/rm/health.go:98.17,101.12 3 0
github.com/NVIDIA/k8s-device-plugin/internal/rm/health.go:108.26,111.12 3 0
github.com/NVIDIA/k8s-device-plugin/internal/rm/health.go:115.26,118.12 3 0
github.com/NVIDIA/k8s-device-plugin/internal/rm/health.go:122.38,124.4 1 0
github.com/NVIDIA/k8s-device-plugin/internal/rm/health.go:125.26,128.4 2 0
github.com/NVIDIA/k8s-device-plugin/internal/rm/health.go:131.6,132.10 1 0
github.com/NVIDIA/k8s-device-plugin/internal/rm/health.go:138.3,139.32 2 0
github.com/NVIDIA/k8s-device-plugin/internal/rm/health.go:142.3,142.26 1 0
github.com/NVIDIA/k8s-device-plugin/internal/rm/health.go:150.3,150.52 1 0
github.com/NVIDIA/k8s-device-plugin/internal/rm/health.go:155.3,155.31 1 0
github.com/NVIDIA/k8s-device-plugin/internal/rm/health.go:160.3,162.26 3 0
github.com/NVIDIA/k8s-device-plugin/internal/rm/health.go:171.3,172.14 2 0
github.com/NVIDIA/k8s-device-plugin/internal/rm/health.go:177.3,177.92 1 0
github.com/NVIDIA/k8s-device-plugin/internal/rm/health.go:186.3,187.17 2 0
github.com/NVIDIA/k8s-device-plugin/internal/rm/health.go:133.15,134.14 1 0
github.com/NVIDIA/k8s-device-plugin/internal/rm/health.go:135.11,135.11 0 0
github.com/NVIDIA/k8s-device-plugin/internal/rm/health.go:139.32,140.12 1 0
github.com/NVIDIA/k8s-device-plugin/internal/rm/health.go:142.26,144.30 2 0
github.com/NVIDIA/k8s-device-plugin/internal/rm/health.go:147.4,147.12 1 0
github.com/NVIDIA/k8s-device-plugin/internal/rm/health.go:144.30,146.5 1 0
github.com/NVIDIA/k8s-device-plugin/internal/rm/health.go:150.52,152.12 2 0
github.com/NVIDIA/k8s-device-plugin/internal/rm/health.go:155.31,157.12 2 0
github.com/NVIDIA/k8s-device-plugin/internal/rm/health.go:162.26,165.30 2 0
github.com/NVIDIA/k8s-device-plugin/internal/rm/health.go:168.4,168.12 1 0
github.com/NVIDIA/k8s-device-plugin/internal/rm/health.go:165.30,167.5 1 0
github.com/NVIDIA/k8s-device-plugin/internal/rm/health.go:172.14,174.12 2 0
github.com/NVIDIA/k8s-device-plugin/internal/rm/health.go:177.92,180.77 3 0
github.com/NVIDIA/k8s-device-plugin/internal/rm/health.go:183.4,183.70 1 0
github.com/NVIDIA/k8s-device-plugin/internal/rm/health.go:180.77,181.13 1 0
github.com/NVIDIA/k8s-device-plugin/internal/rm/health.go:194.47,195.17 1 1
github.com/NVIDIA/k8s-device-plugin/internal/rm/health.go:199.2,200.58 2 1
github.com/NVIDIA/k8s-device-plugin/internal/rm/health.go:213.2,213.23 1 1
github.com/NVIDIA/k8s-device-plugin/internal/rm/health.go:195.17,197.3 1 1
github.com/NVIDIA/k8s-device-plugin/internal/rm/health.go:200.58,202.20 2 1
github.com/NVIDIA/k8s-device-plugin/internal/rm/health.go:205.3,206.17 2 1
github.com/NVIDIA/k8s-device-plugin/internal/rm/health.go:210.3,210.47 1 1
github.com/NVIDIA/k8s-device-plugin/internal/rm/health.go:202.20,203.12 1 1
github.com/NVIDIA/k8s-device-plugin/internal/rm/health.go:206.17,208.12 2 1
github.com/NVIDIA/k8s-device-plugin/internal/rm/health.go:219.87,220.22 1 0
github.com/NVIDIA/k8s-device-plugin/internal/rm/health.go:223.2,223.31 1 0
github.com/NVIDIA/k8s-device-plugin/internal/rm/health.go:220.22,222.3 1 0
github.com/NVIDIA/k8s-device-plugin/internal/rm/health.go:227.86,228.22 1 0
github.com/NVIDIA/k8s-device-plugin/internal/rm/health.go:232.2,235.25 3 0
github.com/NVIDIA/k8s-device-plugin/internal/rm/health.go:256.2,256.33 1 0
github.com/NVIDIA/k8s-device-plugin/internal/rm/health.go:228.22,230.3 1 0
github.com/NVIDIA/k8s-device-plugin/internal/rm/health.go:235.25,237.26 2 0
github.com/NVIDIA/k8s-device-plugin/internal/rm/health.go:241.3,242.26 2 0
github.com/NVIDIA/k8s-device-plugin/internal/rm/health.go:245.3,246.26 2 0
github.com/NVIDIA/k8s-device-plugin/internal/rm/health.go:250.3,251.26 2 0
github.com/NVIDIA/k8s-device-plugin/internal/rm/health.go:254.3,254.33 1 0
github.com/NVIDIA/k8s-device-plugin/internal/rm/health.go:237.26,239.4 1 0
github.com/NVIDIA/k8s-device-plugin/internal/rm/health.go:242.26,244.4 1 0
github.com/NVIDIA/k8s-device-plugin/internal/rm/health.go:246.26,248.4 1 0
github.com/NVIDIA/k8s-device-plugin/internal/rm/health.go:251.26,253.4 1 0
github.com/NVIDIA/k8s-device-plugin/internal/rm/health.go:260.63,262.44 2 0
github.com/NVIDIA/k8s-device-plugin/internal/rm/health.go:266.2,267.63 2 0
github.com/NVIDIA/k8s-device-plugin/internal/rm/health.go:271.2,272.16 2 0
github.com/NVIDIA/k8s-device-plugin/internal/rm/health.go:276.2,277.16 2 0
github.com/NVIDIA/k8s-device-plugin/internal/rm/health.go:281.2,281.31 1 0
github.com/NVIDIA/k8s-device-plugin/internal/rm/health.go:262.44,264.3 1 0
github.com/NVIDIA/k8s-device-plugin/internal/rm/health.go:267.63,269.3 1 0
github.com/NVIDIA/k8s-device-plugin/internal/rm/health.go:272.16,274.3 1 0
github.com/NVIDIA/k8s-device-plugin/internal/rm/health.go:277.16,279.3 1 0
github.com/NVIDIA/k8s-device-plugin/internal/rm/nvml_manager.go:36.102,38.25 2 0
github.com/NVIDIA/k8s-device-plugin/internal/rm/nvml_manager.go:51.2,51.15 1 0
github.com/NVIDIA/k8s-device-plugin/internal/rm/nvml_manager.go:58.2,59.16 2 0
github.com/NVIDIA/k8s-device-plugin/internal/rm/nvml_manager.go:63.2,64.47 2 0
github.com/NVIDIA/k8s-device-plugin/internal/rm/nvml_manager.go:79.2,79.17 1 0
github.com/NVIDIA/k8s-device-plugin/internal/rm/nvml_manager.go:38.25,46.36 8 0
github.com/NVIDIA/k8s-device-plugin/internal/rm/nvml_manager.go:49.3,49.18 1 0
github.com/NVIDIA/k8s-device-plugin/internal/rm/nvml_manager.go:46.36,48.4 1 0
github.com/NVIDIA/k8s-device-plugin/internal/rm/nvml_manager.go:51.15,53.26 2 0
github.com/NVIDIA/k8s-device-plugin/internal/rm/nvml_manager.go:53.26,55.4 1 0
github.com/NVIDIA/k8s-device-plugin/internal/rm/nvml_manager.go:59.16,61.3 1 0
github.com/NVIDIA/k8s-device-plugin/internal/rm/nvml_manager.go:64.47,65.24 1 0
github.com/NVIDIA/k8s-device-plugin/internal/rm/nvml_manager.go:68.3,76.23 2 0
github.com/NVIDIA/k8s-device-plugin/internal/rm/nvml_manager.go:65.24,66.12 1 0
github.com/NVIDIA/k8s-device-plugin/internal/rm/nvml_manager.go:84.112,86.2 1 0
github.com/NVIDIA/k8s-device-plugin/internal/rm/nvml_manager.go:89.69,97.55 2 0
github.com/NVIDIA/k8s-device-plugin/internal/rm/nvml_manager.go:101.2,101.14 1 0
github.com/NVIDIA/k8s-device-plugin/internal/rm/nvml_manager.go:97.55,99.3 1 0
github.com/NVIDIA/k8s-device-plugin/internal/rm/nvml_manager.go:105.100,107.2 1 0
github.com/NVIDIA/k8s-device-plugin/internal/rm/tegra_devices.go:31.66,36.49 4 0
github.com/NVIDIA/k8s-device-plugin/internal/rm/tegra_devices.go:47.2,47.21 1 0
github.com/NVIDIA/k8s-device-plugin/internal/rm/tegra_devices.go:36.49,37.37 1 0
github.com/NVIDIA/k8s-device-plugin/internal/rm/tegra_devices.go:37.37,40.18 3 0
github.com/NVIDIA/k8s-device-plugin/internal/rm/tegra_devices.go:43.4,43.7 1 0
github.com/NVIDIA/k8s-device-plugin/internal/rm/tegra_devices.go:40.18,42.5 1 0
github.com/NVIDIA/k8s-device-plugin/internal/rm/tegra_devices.go:56.49,58.2 1 0
github.com/NVIDIA/k8s-device-plugin/internal/rm/tegra_devices.go:62.52,64.2 1 0
github.com/NVIDIA/k8s-device-plugin/internal/rm/tegra_devices.go:67.56,69.2 1 0
github.com/NVIDIA/k8s-device-plugin/internal/rm/device_map.go:36.83,42.2 2 0
github.com/NVIDIA/k8s-device-plugin/internal/rm/device_map.go:45.55,47.16 2 0
github.com/NVIDIA/k8s-device-plugin/internal/rm/device_map.go:50.2,51.16 2 0
github.com/NVIDIA/k8s-device-plugin/internal/rm/device_map.go:54.2,54.21 1 0
github.com/NVIDIA/k8s-device-plugin/internal/rm/device_map.go:47.16,49.3 1 0
github.com/NVIDIA/k8s-device-plugin/internal/rm/device_map.go:51.16,53.3 1 0
github.com/NVIDIA/k8s-device-plugin/internal/rm/device_map.go:58.83,60.16 2 0
github.com/NVIDIA/k8s-device-plugin/internal/rm/device_map.go:64.2,64.57 1 0
github.com/NVIDIA/k8s-device-plugin/internal/rm/device_map.go:68.2,69.16 2 0
github.com/NVIDIA/k8s-device-plugin/internal/rm/device_map.go:73.2,74.59 2 0
github.com/NVIDIA/k8s-device-plugin/internal/rm/device_map.go:78.2,79.16 2 0
github.com/NVIDIA/k8s-device-plugin/internal/rm/device_map.go:83.2,83.81 1 0
github.com/NVIDIA/k8s-device-plugin/internal/rm/device_map.go:87.2,89.23 2 0
github.com/NVIDIA/k8s-device-plugin/internal/rm/device_map.go:60.16,62.3 1 0
github.com/NVIDIA/k8s-device-plugin/internal/rm/device_map.go:64.57,66.3 1 0
github.com/NVIDIA/k8s-device-plugin/internal/rm/device_map.go:69.16,71.3 1 0
github.com/NVIDIA/k8s-device-plugin/internal/rm/device_map.go:74.59,76.3 1 0
github.com/NVIDIA/k8s-device-plugin/internal/rm/device_map.go:79.16,81.3 1 0
github.com/NVIDIA/k8s-device-plugin/internal/rm/device_map.go:83.81,85.3 1 0
github.com/NVIDIA/k8s-device-plugin/internal/rm/device_map.go:93.67,96.54 2 0
github.com/NVIDIA/k8s-device-plugin/internal/rm/device_map.go:116.2,116.21 1 0
github.com/NVIDIA/k8s-device-plugin/internal/rm/device_map.go:96.54,98.26 2 0
github.com/NVIDIA/k8s-device-plugin/internal/rm/device_map.go:101.3,102.17 2 0
github.com/NVIDIA/k8s-device-plugin/internal/rm/device_map.go:105.3,105.72 1 0
github.com/NVIDIA/k8s-device-plugin/internal/rm/device_map.go:108.3,108.52 1 0
github.com/NVIDIA/k8s-device-plugin/internal/rm/device_map.go:114.3,114.80 1 0
github.com/NVIDIA/k8s-device-plugin/internal/rm/device_map.go:98.26,100.4 1 0
github.com/NVIDIA/k8s-device-plugin/internal/rm/device_map.go:102.17,104.4 1 0
github.com/NVIDIA/k8s-device-plugin/internal/rm/device_map.go:105.72,107.4 1 0
github.com/NVIDIA/k8s-device-plugin/internal/rm/device_map.go:108.52,109.38 1 0
github.com/NVIDIA/k8s-device-plugin/internal/rm/device_map.go:109.38,112.5 2 0
github.com/NVIDIA/k8s-device-plugin/internal/rm/device_map.go:120.67,122.91 2 0
github.com/NVIDIA/k8s-device-plugin/internal/rm/device_map.go:135.2,135.21 1 0
github.com/NVIDIA/k8s-device-plugin/internal/rm/device_map.go:122.91,124.17 2 0
github.com/NVIDIA/k8s-device-plugin/internal/rm/device_map.go:127.3,127.52 1 0
github.com/NVIDIA/k8s-device-plugin/internal/rm/device_map.go:133.3,133.89 1 0
github.com/NVIDIA/k8s-device-plugin/internal/rm/device_map.go:124.17,126.4 1 0
github.com/NVIDIA/k8s-device-plugin/internal/rm/device_map.go:127.52,128.53 1 0
github.com/NVIDIA/k8s-device-plugin/internal/rm/device_map.go:128.53,131.5 2 0
github.com/NVIDIA/k8s-device-plugin/internal/rm/device_map.go:140.76,141.59 1 0
github.com/NVIDIA/k8s-device-plugin/internal/rm/device_map.go:159.2,159.16 1 0
github.com/NVIDIA/k8s-device-plugin/internal/rm/device_map.go:163.2,163.14 1 0
github.com/NVIDIA/k8s-device-plugin/internal/rm/device_map.go:167.2,168.89 2 0
github.com/NVIDIA/k8s-device-plugin/internal/rm/device_map.go:141.59,143.17 2 0
github.com/NVIDIA/k8s-device-plugin/internal/rm/device_map.go:146.3,146.20 1 0
github.com/NVIDIA/k8s-device-plugin/internal/rm/device_map.go:149.3,150.17 2 0
github.com/NVIDIA/k8s-device-plugin/internal/rm/device_map.go:153.3,153.27 1 0
github.com/NVIDIA/k8s-device-plugin/internal/rm/device_map.go:157.3,157.13 1 0
github.com/NVIDIA/k8s-device-plugin/internal/rm/device_map.go:143.17,145.4 1 0
github.com/NVIDIA/k8s-device-plugin/internal/rm/device_map.go:146.20,148.4 1 0
github.com/NVIDIA/k8s-device-plugin/internal/rm/device_map.go:150.17,152.4 1 0
github.com/NVIDIA/k8s-device-plugin/internal/rm/device_map.go:153.27,156.4 2 0
github.com/NVIDIA/k8s-device-plugin/internal/rm/device_map.go:159.16,161.3 1 0
github.com/NVIDIA/k8s-device-plugin/internal/rm/device_map.go:163.14,165.3 1 0
github.com/NVIDIA/k8s-device-plugin/internal/rm/device_map.go:168.89,170.26 2 0
github.com/NVIDIA/k8s-device-plugin/internal/rm/device_map.go:173.3,173.32 1 0
github.com/NVIDIA/k8s-device-plugin/internal/rm/device_map.go:179.3,179.13 1 0
github.com/NVIDIA/k8s-device-plugin/internal/rm/device_map.go:170.26,172.4 1 0
github.com/NVIDIA/k8s-device-plugin/internal/rm/device_map.go:173.32,175.4 1 0
github.com/NVIDIA/k8s-device-plugin/internal/rm/device_map.go:175.9,175.42 1 0
github.com/NVIDIA/k8s-device-plugin/internal/rm/device_map.go:175.42,177.4 1 0
github.com/NVIDIA/k8s-device-plugin/internal/rm/device_map.go:184.92,186.16 2 0
github.com/NVIDIA/k8s-device-plugin/internal/rm/device_map.go:189.2,190.12 2 0
github.com/NVIDIA/k8s-device-plugin/internal/rm/device_map.go:186.16,188.3 1 0
github.com/NVIDIA/k8s-device-plugin/internal/rm/device_map.go:194.64,195.20 1 1
github.com/NVIDIA/k8s-device-plugin/internal/rm/device_map.go:198.2,198.23 1 1
github.com/NVIDIA/k8s-device-plugin/internal/rm/device_map.go:195.20,197.3 1 1
github.com/NVIDIA/k8s-device-plugin/internal/rm/device_map.go:202.39,203.31 1 0
github.com/NVIDIA/k8s-device-plugin/internal/rm/device_map.go:203.31,204.34 1 0
github.com/NVIDIA/k8s-device-plugin/internal/rm/device_map.go:204.34,206.4 1 0
github.com/NVIDIA/k8s-device-plugin/internal/rm/device_map.go:211.35,212.28 1 0
github.com/NVIDIA/k8s-device-plugin/internal/rm/device_map.go:217.2,217.13 1 0
github.com/NVIDIA/k8s-device-plugin/internal/rm/device_map.go:212.28,213.23 1 0
github.com/NVIDIA/k8s-device-plugin/internal/rm/device_map.go:213.23,215.4 1 0
github.com/NVIDIA/k8s-device-plugin/internal/rm/device_map.go:221.93,223.13 2 0
github.com/NVIDIA/k8s-device-plugin/internal/rm/device_map.go:228.2,228.19 1 0
github.com/NVIDIA/k8s-device-plugin/internal/rm/device_map.go:233.2,233.25 1 0
github.com/NVIDIA/k8s-device-plugin/internal/rm/device_map.go:241.2,241.29 1 0
github.com/NVIDIA/k8s-device-plugin/internal/rm/device_map.go:262.2,262.44 1 0
github.com/NVIDIA/k8s-device-plugin/internal/rm/device_map.go:223.13,225.3 1 0
github.com/NVIDIA/k8s-device-plugin/internal/rm/device_map.go:228.19,230.3 1 0
github.com/NVIDIA/k8s-device-plugin/internal/rm/device_map.go:233.25,234.37 1 0
github.com/NVIDIA/k8s-device-plugin/internal/rm/device_map.go:237.3,237.49 1 0
github.com/NVIDIA/k8s-device-plugin/internal/rm/device_map.go:234.37,236.4 1 0
github.com/NVIDIA/k8s-device-plugin/internal/rm/device_map.go:241.29,243.38 2 0
github.com/NVIDIA/k8s-device-plugin/internal/rm/device_map.go:259.3,259.18 1 0
github.com/NVIDIA/k8s-device-plugin/internal/rm/device_map.go:243.38,244.20 1 0
github.com/NVIDIA/k8s-device-plugin/internal/rm/device_map.go:251.4,251.44 1 0
github.com/NVIDIA/k8s-device-plugin/internal/rm/device_map.go:244.20,246.17 2 0
github.com/NVIDIA/k8s-device-plugin/internal/rm/device_map.go:249.5,249.28 1 0
github.com/NVIDIA/k8s-device-plugin/internal/rm/device_map.go:246.17,248.6 1 0
github.com/NVIDIA/k8s-device-plugin/internal/rm/device_map.go:251.44,253.17 2 0
github.com/NVIDIA/k8s-device-plugin/internal/rm/device_map.go:256.5,256.28 1 0
github.com/NVIDIA/k8s-device-plugin/internal/rm/device_map.go:253.17,255.6 1 0
github.com/NVIDIA/k8s-device-plugin/internal/rm/device_map.go:266.94,271.57 3 0
github.com/NVIDIA/k8s-device-plugin/internal/rm/device_map.go:276.2,276.30 1 0
github.com/NVIDIA/k8s-device-plugin/internal/rm/device_map.go:283.2,283.57 1 0
github.com/NVIDIA/k8s-device-plugin/internal/rm/device_map.go:315.2,315.21 1 0
github.com/NVIDIA/k8s-device-plugin/internal/rm/device_map.go:271.57,273.3 1 0
github.com/NVIDIA/k8s-device-plugin/internal/rm/device_map.go:276.30,277.16 1 0
github.com/NVIDIA/k8s-device-plugin/internal/rm/device_map.go:277.16,279.4 1 0
github.com/NVIDIA/k8s-device-plugin/internal/rm/device_map.go:283.57,286.17 2 0
github.com/NVIDIA/k8s-device-plugin/internal/rm/device_map.go:290.3,290.20 1 0
github.com/NVIDIA/k8s-device-plugin/internal/rm/device_map.go:295.3,295.79 1 0
github.com/NVIDIA/k8s-device-plugin/internal/rm/device_map.go:301.3,302.21 2 0
github.com/NVIDIA/k8s-device-plugin/internal/rm/device_map.go:305.3,305.26 1 0
github.com/NVIDIA/k8s-device-plugin/internal/rm/device_map.go:286.17,288.4 1 0
github.com/NVIDIA/k8s-device-plugin/internal/rm/device_map.go:290.20,291.12 1 0
github.com/NVIDIA/k8s-device-plugin/internal/rm/device_map.go:295.79,297.4 1 0
github.com/NVIDIA/k8s-device-plugin/internal/rm/device_map.go:302.21,304.4 1 0
github.com/NVIDIA/k8s-device-plugin/internal/rm/device_map.go:305.26,306.36 1 0
github.com/NVIDIA/k8s-device-plugin/internal/rm/device_map.go:306.36,311.5 4 0
github.com/NVIDIA/k8s-device-plugin/internal/rm/devices.go:51.63,53.16 2 0
github.com/NVIDIA/k8s-device-plugin/internal/rm/devices.go:57.2,58.16 2 0
github.com/NVIDIA/k8s-device-plugin/internal/rm/devices.go:62.2,63.16 2 0
github.com/NVIDIA/k8s-device-plugin/internal/rm/devices.go:67.2,72.13 6 0
github.com/NVIDIA/k8s-device-plugin/internal/rm/devices.go:82.2,82.18 1 0
github.com/NVIDIA/k8s-device-plugin/internal/rm/devices.go:53.16,55.3 1 0
github.com/NVIDIA/k8s-device-plugin/internal/rm/devices.go:58.16,60.3 1 0
github.com/NVIDIA/k8s-device-plugin/internal/rm/devices.go:63.16,65.3 1 0
github.com/NVIDIA/k8s-device-plugin/internal/rm/devices.go:72.13,80.3 1 0
github.com/NVIDIA/k8s-device-plugin/internal/rm/devices.go:86.45,87.23 1 0
github.com/NVIDIA/k8s-device-plugin/internal/rm/devices.go:92.2,92.14 1 0
github.com/NVIDIA/k8s-device-plugin/internal/rm/devices.go:87.23,88.22 1 0
github.com/NVIDIA/k8s-device-plugin/internal/rm/devices.go:88.22,90.4 1 0
github.com/NVIDIA/k8s-device-plugin/internal/rm/devices.go:96.48,97.25 1 0
github.com/NVIDIA/k8s-device-plugin/internal/rm/devices.go:102.2,102.13 1 0
github.com/NVIDIA/k8s-device-plugin/internal/rm/devices.go:97.25,98.35 1 0
github.com/NVIDIA/k8s-device-plugin/internal/rm/devices.go:98.35,100.4 1 0
github.com/NVIDIA/k8s-device-plugin/internal/rm/devices.go:106.46,108.2 1 0
github.com/NVIDIA/k8s-device-plugin/internal/rm/devices.go:111.52,112.23 1 0
github.com/NVIDIA/k8s-device-plugin/internal/rm/devices.go:117.2,117.12 1 0
github.com/NVIDIA/k8s-device-plugin/internal/rm/devices.go:112.23,113.23 1 0
github.com/NVIDIA/k8s-device-plugin/internal/rm/devices.go:113.23,115.4 1 0
github.com/NVIDIA/k8s-device-plugin/internal/rm/devices.go:122.48,124.25 2 0
github.com/NVIDIA/k8s-device-plugin/internal/rm/devices.go:129.2,129.12 1 0
github.com/NVIDIA/k8s-device-plugin/internal/rm/devices.go:124.25,125.22 1 0
github.com/NVIDIA/k8s-device-plugin/internal/rm/devices.go:125.22,127.4 1 0
github.com/NVIDIA/k8s-device-plugin/internal/rm/devices.go:133.51,135.21 2 0
github.com/NVIDIA/k8s-device-plugin/internal/rm/devices.go:140.2,140.12 1 0
github.com/NVIDIA/k8s-device-plugin/internal/rm/devices.go:135.21,136.24 1 0
github.com/NVIDIA/k8s-device-plugin/internal/rm/devices.go:136.24,138.4 1 0
github.com/NVIDIA/k8s-device-plugin/internal/rm/devices.go:144.37,146.23 2 0
github.com/NVIDIA/k8s-device-plugin/internal/rm/devices.go:149.2,149.12 1 0
github.com/NVIDIA/k8s-device-plugin/internal/rm/devices.go:146.23,148.3 1 0
github.com/NVIDIA/k8s-device-plugin/internal/rm/devices.go:153.58,155.23 2 0
github.com/NVIDIA/k8s-device-plugin/internal/rm/devices.go:158.2,158.12 1 0
github.com/NVIDIA/k8s-device-plugin/internal/rm/devices.go:155.23,157.3 1 0
github.com/NVIDIA/k8s-device-plugin/internal/rm/devices.go:162.41,164.23 2 0
github.com/NVIDIA/k8s-device-plugin/internal/rm/devices.go:167.2,167.12 1 0
github.com/NVIDIA/k8s-device-plugin/internal/rm/devices.go:164.23,166.3 1 0
github.com/NVIDIA/k8s-device-plugin/internal/rm/devices.go:171.39,173.23 2 0
github.com/NVIDIA/k8s-device-plugin/internal/rm/devices.go:176.2,176.12 1 0
github.com/NVIDIA/k8s-device-plugin/internal/rm/devices.go:173.23,175.3 1 0
github.com/NVIDIA/k8s-device-plugin/internal/rm/devices.go:180.36,182.2 1 0
github.com/NVIDIA/k8s-device-plugin/internal/rm/devices.go:185.34,187.2 1 0
github.com/NVIDIA/k8s-device-plugin/internal/rm/devices.go:190.57,192.2 1 0
github.com/NVIDIA/k8s-device-plugin/internal/rm/devices.go:195.44,197.21 2 0
github.com/NVIDIA/k8s-device-plugin/internal/rm/devices.go:200.2,200.13 1 0
github.com/NVIDIA/k8s-device-plugin/internal/rm/devices.go:197.21,199.3 1 0
github.com/NVIDIA/k8s-device-plugin/internal/rm/devices.go:204.44,206.21 2 0
github.com/NVIDIA/k8s-device-plugin/internal/rm/devices.go:209.2,210.31 2 0
github.com/NVIDIA/k8s-device-plugin/internal/rm/devices.go:206.21,208.3 1 0
github.com/NVIDIA/k8s-device-plugin/internal/rm/devices.go:214.37,217.2 2 0
github.com/NVIDIA/k8s-device-plugin/internal/rm/devices.go:220.49,221.23 1 0
github.com/NVIDIA/k8s-device-plugin/internal/rm/devices.go:226.2,226.14 1 0
github.com/NVIDIA/k8s-device-plugin/internal/rm/devices.go:221.23,222.38 1 0
github.com/NVIDIA/k8s-device-plugin/internal/rm/devices.go:222.38,224.4 1 0
github.com/NVIDIA/k8s-device-plugin/internal/rm/devices.go:230.42,232.23 2 0
github.com/NVIDIA/k8s-device-plugin/internal/rm/devices.go:235.2,235.12 1 0
github.com/NVIDIA/k8s-device-plugin/internal/rm/devices.go:232.23,234.3 1 0
